<?xml version="1.0" encoding="UTF-8"?>
<!-- Generated by org.testng.reporters.JUnitReportReporter -->
<testsuite hostname="DESKTOP-878GRJ6" failures="0" tests="3" name="NewTest" time="0.829" errors="0" timestamp="11 Aug 2024 05:56:39 GMT">
  <testcase classname="NewTest" name="findById" time="0.128"/>
  <testcase classname="NewTest" name="checkNavigationForAcrossPages" time="0.533"/>
  <testcase classname="NewTest" name="checkTitle" time="0.168"/>
</testsuite> <!-- NewTest -->
