<?xml version="1.0" encoding="UTF-8"?>
<!-- Generated by org.testng.reporters.JUnitReportReporter -->
<testsuite hostname="DESKTOP-878GRJ6" failures="0" tests="3" name="NewTest" time="5.961" errors="0" timestamp="10 Aug 2024 07:51:17 GMT">
  <testcase classname="NewTest" name="findById" time="0.279"/>
  <testcase classname="NewTest" name="checkNavigationForAcrossPages" time="5.608"/>
  <testcase classname="NewTest" name="checkTitle" time="0.074"/>
</testsuite> <!-- NewTest -->
