<?xml version="1.0" encoding="UTF-8"?>
<!-- Generated by org.testng.reporters.JUnitReportReporter -->
<testsuite hostname="DESKTOP-878GRJ6" failures="0" tests="3" name="NewTest" time="0.696" errors="0" timestamp="29 Jul 2024 06:23:42 GMT">
  <testcase classname="NewTest" name="findById" time="0.095"/>
  <testcase classname="NewTest" name="checkTitle" time="0.090"/>
  <testcase classname="NewTest" name="checkNavigationForAcrossPages" time="0.511"/>
</testsuite> <!-- NewTest -->
